[2023-12-10T18:25:46.795+0500] {taskinstance.py:1159} INFO - Dependencies all met for dep_context=non-requeueable deps ti=<TaskInstance: KOH.data_ml manual__2023-12-10T13:25:15.058268+00:00 [queued]>
[2023-12-10T18:25:46.810+0500] {taskinstance.py:1159} INFO - Dependencies all met for dep_context=requeueable deps ti=<TaskInstance: KOH.data_ml manual__2023-12-10T13:25:15.058268+00:00 [queued]>
[2023-12-10T18:25:46.811+0500] {taskinstance.py:1361} INFO - Starting attempt 1 of 2
[2023-12-10T18:25:46.860+0500] {taskinstance.py:1382} INFO - Executing <Task(BashOperator): data_ml> on 2023-12-10 13:25:15.058268+00:00
[2023-12-10T18:25:46.864+0500] {standard_task_runner.py:57} INFO - Started process 6012 to run task
[2023-12-10T18:25:46.868+0500] {standard_task_runner.py:84} INFO - Running: ['airflow', 'tasks', 'run', 'KOH', 'data_ml', 'manual__2023-12-10T13:25:15.058268+00:00', '--job-id', '44', '--raw', '--subdir', 'DAGS_FOLDER/text.py', '--cfg-path', '/tmp/tmp_6s9qtga']
[2023-12-10T18:25:46.871+0500] {standard_task_runner.py:85} INFO - Job 44: Subtask data_ml
[2023-12-10T18:25:46.957+0500] {task_command.py:416} INFO - Running <TaskInstance: KOH.data_ml manual__2023-12-10T13:25:15.058268+00:00 [running]> on host vm2.myguest.virtualbox.org
[2023-12-10T18:25:47.117+0500] {taskinstance.py:1662} INFO - Exporting env vars: AIRFLOW_CTX_DAG_OWNER='Admin' AIRFLOW_CTX_DAG_ID='KOH' AIRFLOW_CTX_TASK_ID='data_ml' AIRFLOW_CTX_EXECUTION_DATE='2023-12-10T13:25:15.058268+00:00' AIRFLOW_CTX_TRY_NUMBER='1' AIRFLOW_CTX_DAG_RUN_ID='manual__2023-12-10T13:25:15.058268+00:00'
[2023-12-10T18:25:47.120+0500] {subprocess.py:63} INFO - Tmp dir root location: /tmp
[2023-12-10T18:25:47.121+0500] {subprocess.py:75} INFO - Running command: ['/usr/bin/bash', '-c', 'cd /home/kda/ML_lab3/MLops_lab3/ && python /home/kda/ML_lab3/MLops_lab3/scripts/model_learn.py']
[2023-12-10T18:25:47.159+0500] {subprocess.py:86} INFO - Output:
[2023-12-10T18:26:51.992+0500] {subprocess.py:93} INFO - Traceback (most recent call last):
[2023-12-10T18:26:51.992+0500] {subprocess.py:93} INFO -   File "/home/kda/ML_lab3/MLops_lab3/lab3/lib/python3.10/site-packages/urllib3/connection.py", line 174, in _new_conn
[2023-12-10T18:26:51.994+0500] {subprocess.py:93} INFO -     conn = connection.create_connection(
[2023-12-10T18:26:51.994+0500] {subprocess.py:93} INFO -   File "/home/kda/ML_lab3/MLops_lab3/lab3/lib/python3.10/site-packages/urllib3/util/connection.py", line 95, in create_connection
[2023-12-10T18:26:52.003+0500] {subprocess.py:93} INFO -     raise err
[2023-12-10T18:26:52.004+0500] {subprocess.py:93} INFO -   File "/home/kda/ML_lab3/MLops_lab3/lab3/lib/python3.10/site-packages/urllib3/util/connection.py", line 85, in create_connection
[2023-12-10T18:26:52.004+0500] {subprocess.py:93} INFO -     sock.connect(sa)
[2023-12-10T18:26:52.004+0500] {subprocess.py:93} INFO - ConnectionRefusedError: [Errno 111] Connection refused
[2023-12-10T18:26:52.004+0500] {subprocess.py:93} INFO - 
[2023-12-10T18:26:52.004+0500] {subprocess.py:93} INFO - During handling of the above exception, another exception occurred:
[2023-12-10T18:26:52.004+0500] {subprocess.py:93} INFO - 
[2023-12-10T18:26:52.004+0500] {subprocess.py:93} INFO - Traceback (most recent call last):
[2023-12-10T18:26:52.004+0500] {subprocess.py:93} INFO -   File "/home/kda/ML_lab3/MLops_lab3/lab3/lib/python3.10/site-packages/urllib3/connectionpool.py", line 715, in urlopen
[2023-12-10T18:26:52.018+0500] {subprocess.py:93} INFO -     httplib_response = self._make_request(
[2023-12-10T18:26:52.018+0500] {subprocess.py:93} INFO -   File "/home/kda/ML_lab3/MLops_lab3/lab3/lib/python3.10/site-packages/urllib3/connectionpool.py", line 416, in _make_request
[2023-12-10T18:26:52.018+0500] {subprocess.py:93} INFO -     conn.request(method, url, **httplib_request_kw)
[2023-12-10T18:26:52.018+0500] {subprocess.py:93} INFO -   File "/home/kda/ML_lab3/MLops_lab3/lab3/lib/python3.10/site-packages/urllib3/connection.py", line 244, in request
[2023-12-10T18:26:52.019+0500] {subprocess.py:93} INFO -     super(HTTPConnection, self).request(method, url, body=body, headers=headers)
[2023-12-10T18:26:52.019+0500] {subprocess.py:93} INFO -   File "/usr/lib/python3.10/http/client.py", line 1283, in request
[2023-12-10T18:26:52.032+0500] {subprocess.py:93} INFO -     self._send_request(method, url, body, headers, encode_chunked)
[2023-12-10T18:26:52.033+0500] {subprocess.py:93} INFO -   File "/usr/lib/python3.10/http/client.py", line 1329, in _send_request
[2023-12-10T18:26:52.033+0500] {subprocess.py:93} INFO -     self.endheaders(body, encode_chunked=encode_chunked)
[2023-12-10T18:26:52.033+0500] {subprocess.py:93} INFO -   File "/usr/lib/python3.10/http/client.py", line 1278, in endheaders
[2023-12-10T18:26:52.035+0500] {subprocess.py:93} INFO -     self._send_output(message_body, encode_chunked=encode_chunked)
[2023-12-10T18:26:52.036+0500] {subprocess.py:93} INFO -   File "/usr/lib/python3.10/http/client.py", line 1038, in _send_output
[2023-12-10T18:26:52.036+0500] {subprocess.py:93} INFO -     self.send(msg)
[2023-12-10T18:26:52.036+0500] {subprocess.py:93} INFO -   File "/usr/lib/python3.10/http/client.py", line 976, in send
[2023-12-10T18:26:52.036+0500] {subprocess.py:93} INFO -     self.connect()
[2023-12-10T18:26:52.036+0500] {subprocess.py:93} INFO -   File "/home/kda/ML_lab3/MLops_lab3/lab3/lib/python3.10/site-packages/urllib3/connection.py", line 205, in connect
[2023-12-10T18:26:52.036+0500] {subprocess.py:93} INFO -     conn = self._new_conn()
[2023-12-10T18:26:52.036+0500] {subprocess.py:93} INFO -   File "/home/kda/ML_lab3/MLops_lab3/lab3/lib/python3.10/site-packages/urllib3/connection.py", line 186, in _new_conn
[2023-12-10T18:26:52.036+0500] {subprocess.py:93} INFO -     raise NewConnectionError(
[2023-12-10T18:26:52.036+0500] {subprocess.py:93} INFO - urllib3.exceptions.NewConnectionError: <urllib3.connection.HTTPConnection object at 0x7f1bebef72e0>: Failed to establish a new connection: [Errno 111] Connection refused
[2023-12-10T18:26:52.037+0500] {subprocess.py:93} INFO - 
[2023-12-10T18:26:52.037+0500] {subprocess.py:93} INFO - During handling of the above exception, another exception occurred:
[2023-12-10T18:26:52.037+0500] {subprocess.py:93} INFO - 
[2023-12-10T18:26:52.037+0500] {subprocess.py:93} INFO - Traceback (most recent call last):
[2023-12-10T18:26:52.037+0500] {subprocess.py:93} INFO -   File "/home/kda/ML_lab3/MLops_lab3/lab3/lib/python3.10/site-packages/requests/adapters.py", line 486, in send
[2023-12-10T18:26:52.044+0500] {subprocess.py:93} INFO -     resp = conn.urlopen(
[2023-12-10T18:26:52.044+0500] {subprocess.py:93} INFO -   File "/home/kda/ML_lab3/MLops_lab3/lab3/lib/python3.10/site-packages/urllib3/connectionpool.py", line 827, in urlopen
[2023-12-10T18:26:52.044+0500] {subprocess.py:93} INFO -     return self.urlopen(
[2023-12-10T18:26:52.044+0500] {subprocess.py:93} INFO -   File "/home/kda/ML_lab3/MLops_lab3/lab3/lib/python3.10/site-packages/urllib3/connectionpool.py", line 827, in urlopen
[2023-12-10T18:26:52.044+0500] {subprocess.py:93} INFO -     return self.urlopen(
[2023-12-10T18:26:52.045+0500] {subprocess.py:93} INFO -   File "/home/kda/ML_lab3/MLops_lab3/lab3/lib/python3.10/site-packages/urllib3/connectionpool.py", line 827, in urlopen
[2023-12-10T18:26:52.045+0500] {subprocess.py:93} INFO -     return self.urlopen(
[2023-12-10T18:26:52.045+0500] {subprocess.py:93} INFO -   [Previous line repeated 2 more times]
[2023-12-10T18:26:52.045+0500] {subprocess.py:93} INFO -   File "/home/kda/ML_lab3/MLops_lab3/lab3/lib/python3.10/site-packages/urllib3/connectionpool.py", line 799, in urlopen
[2023-12-10T18:26:52.045+0500] {subprocess.py:93} INFO -     retries = retries.increment(
[2023-12-10T18:26:52.045+0500] {subprocess.py:93} INFO -   File "/home/kda/ML_lab3/MLops_lab3/lab3/lib/python3.10/site-packages/urllib3/util/retry.py", line 592, in increment
[2023-12-10T18:26:52.055+0500] {subprocess.py:93} INFO -     raise MaxRetryError(_pool, url, error or ResponseError(cause))
[2023-12-10T18:26:52.055+0500] {subprocess.py:93} INFO - urllib3.exceptions.MaxRetryError: HTTPConnectionPool(host='localhost', port=5000): Max retries exceeded with url: /api/2.0/mlflow/experiments/get-by-name?experiment_name=train_model (Caused by NewConnectionError('<urllib3.connection.HTTPConnection object at 0x7f1bebef72e0>: Failed to establish a new connection: [Errno 111] Connection refused'))
[2023-12-10T18:26:52.055+0500] {subprocess.py:93} INFO - 
[2023-12-10T18:26:52.055+0500] {subprocess.py:93} INFO - During handling of the above exception, another exception occurred:
[2023-12-10T18:26:52.056+0500] {subprocess.py:93} INFO - 
[2023-12-10T18:26:52.056+0500] {subprocess.py:93} INFO - Traceback (most recent call last):
[2023-12-10T18:26:52.056+0500] {subprocess.py:93} INFO -   File "/home/kda/ML_lab3/MLops_lab3/lab3/lib/python3.10/site-packages/mlflow/utils/rest_utils.py", line 107, in http_request
[2023-12-10T18:26:52.058+0500] {subprocess.py:93} INFO -     return _get_http_response_with_retries(
[2023-12-10T18:26:52.058+0500] {subprocess.py:93} INFO -   File "/home/kda/ML_lab3/MLops_lab3/lab3/lib/python3.10/site-packages/mlflow/utils/request_utils.py", line 190, in _get_http_response_with_retries
[2023-12-10T18:26:52.068+0500] {subprocess.py:93} INFO -     return session.request(method, url, **kwargs)
[2023-12-10T18:26:52.068+0500] {subprocess.py:93} INFO -   File "/home/kda/ML_lab3/MLops_lab3/lab3/lib/python3.10/site-packages/requests/sessions.py", line 589, in request
[2023-12-10T18:26:52.079+0500] {subprocess.py:93} INFO -     resp = self.send(prep, **send_kwargs)
[2023-12-10T18:26:52.079+0500] {subprocess.py:93} INFO -   File "/home/kda/ML_lab3/MLops_lab3/lab3/lib/python3.10/site-packages/requests/sessions.py", line 703, in send
[2023-12-10T18:26:52.079+0500] {subprocess.py:93} INFO -     r = adapter.send(request, **kwargs)
[2023-12-10T18:26:52.080+0500] {subprocess.py:93} INFO -   File "/home/kda/ML_lab3/MLops_lab3/lab3/lib/python3.10/site-packages/requests/adapters.py", line 519, in send
[2023-12-10T18:26:52.080+0500] {subprocess.py:93} INFO -     raise ConnectionError(e, request=request)
[2023-12-10T18:26:52.080+0500] {subprocess.py:93} INFO - requests.exceptions.ConnectionError: HTTPConnectionPool(host='localhost', port=5000): Max retries exceeded with url: /api/2.0/mlflow/experiments/get-by-name?experiment_name=train_model (Caused by NewConnectionError('<urllib3.connection.HTTPConnection object at 0x7f1bebef72e0>: Failed to establish a new connection: [Errno 111] Connection refused'))
[2023-12-10T18:26:52.080+0500] {subprocess.py:93} INFO - 
[2023-12-10T18:26:52.080+0500] {subprocess.py:93} INFO - During handling of the above exception, another exception occurred:
[2023-12-10T18:26:52.080+0500] {subprocess.py:93} INFO - 
[2023-12-10T18:26:52.080+0500] {subprocess.py:93} INFO - Traceback (most recent call last):
[2023-12-10T18:26:52.080+0500] {subprocess.py:93} INFO -   File "/home/kda/ML_lab3/MLops_lab3/scripts/model_learn.py", line 13, in <module>
[2023-12-10T18:26:52.080+0500] {subprocess.py:93} INFO -     mlflow.set_experiment("train_model")
[2023-12-10T18:26:52.080+0500] {subprocess.py:93} INFO -   File "/home/kda/ML_lab3/MLops_lab3/lab3/lib/python3.10/site-packages/mlflow/tracking/fluent.py", line 135, in set_experiment
[2023-12-10T18:26:52.086+0500] {subprocess.py:93} INFO -     experiment = client.get_experiment_by_name(experiment_name)
[2023-12-10T18:26:52.086+0500] {subprocess.py:93} INFO -   File "/home/kda/ML_lab3/MLops_lab3/lab3/lib/python3.10/site-packages/mlflow/tracking/client.py", line 520, in get_experiment_by_name
[2023-12-10T18:26:52.096+0500] {subprocess.py:93} INFO -     return self._tracking_client.get_experiment_by_name(name)
[2023-12-10T18:26:52.097+0500] {subprocess.py:93} INFO -   File "/home/kda/ML_lab3/MLops_lab3/lab3/lib/python3.10/site-packages/mlflow/tracking/_tracking_service/client.py", line 221, in get_experiment_by_name
[2023-12-10T18:26:52.098+0500] {subprocess.py:93} INFO -     return self.store.get_experiment_by_name(name)
[2023-12-10T18:26:52.098+0500] {subprocess.py:93} INFO -   File "/home/kda/ML_lab3/MLops_lab3/lab3/lib/python3.10/site-packages/mlflow/store/tracking/rest_store.py", line 306, in get_experiment_by_name
[2023-12-10T18:26:52.102+0500] {subprocess.py:93} INFO -     response_proto = self._call_endpoint(GetExperimentByName, req_body)
[2023-12-10T18:26:52.102+0500] {subprocess.py:93} INFO -   File "/home/kda/ML_lab3/MLops_lab3/lab3/lib/python3.10/site-packages/mlflow/store/tracking/rest_store.py", line 59, in _call_endpoint
[2023-12-10T18:26:52.102+0500] {subprocess.py:93} INFO -     return call_endpoint(self.get_host_creds(), endpoint, method, json_body, response_proto)
[2023-12-10T18:26:52.102+0500] {subprocess.py:93} INFO -   File "/home/kda/ML_lab3/MLops_lab3/lab3/lib/python3.10/site-packages/mlflow/utils/rest_utils.py", line 215, in call_endpoint
[2023-12-10T18:26:52.102+0500] {subprocess.py:93} INFO -     response = http_request(**call_kwargs)
[2023-12-10T18:26:52.102+0500] {subprocess.py:93} INFO -   File "/home/kda/ML_lab3/MLops_lab3/lab3/lib/python3.10/site-packages/mlflow/utils/rest_utils.py", line 129, in http_request
[2023-12-10T18:26:52.102+0500] {subprocess.py:93} INFO -     raise MlflowException(f"API request to {url} failed with exception {e}")
[2023-12-10T18:26:52.103+0500] {subprocess.py:93} INFO - mlflow.exceptions.MlflowException: API request to http://localhost:5000/api/2.0/mlflow/experiments/get-by-name failed with exception HTTPConnectionPool(host='localhost', port=5000): Max retries exceeded with url: /api/2.0/mlflow/experiments/get-by-name?experiment_name=train_model (Caused by NewConnectionError('<urllib3.connection.HTTPConnection object at 0x7f1bebef72e0>: Failed to establish a new connection: [Errno 111] Connection refused'))
[2023-12-10T18:26:52.741+0500] {subprocess.py:97} INFO - Command exited with return code 1
[2023-12-10T18:26:52.752+0500] {taskinstance.py:1937} ERROR - Task failed with exception
Traceback (most recent call last):
  File "/home/kda/ML_lab3/MLops_lab3/lab3/lib/python3.10/site-packages/airflow/operators/bash.py", line 210, in execute
    raise AirflowException(
airflow.exceptions.AirflowException: Bash command failed. The command returned a non-zero exit code 1.
[2023-12-10T18:26:52.764+0500] {taskinstance.py:1400} INFO - Marking task as UP_FOR_RETRY. dag_id=KOH, task_id=data_ml, execution_date=20231210T132515, start_date=20231210T132546, end_date=20231210T132652
[2023-12-10T18:26:52.804+0500] {standard_task_runner.py:104} ERROR - Failed to execute job 44 for task data_ml (Bash command failed. The command returned a non-zero exit code 1.; 6012)
[2023-12-10T18:26:52.834+0500] {local_task_job_runner.py:228} INFO - Task exited with return code 1
[2023-12-10T18:26:52.846+0500] {taskinstance.py:2778} INFO - 0 downstream tasks scheduled from follow-on schedule check
